<?xml version="1.0" encoding="UTF-8"?>
<!-- Generated by org.testng.reporters.JUnitReportReporter -->
<testsuite hostname="FRP03386" failures="0" tests="1" name="TestsPOM.Test1" time="2.540" errors="0" timestamp="13 dÃ©c. 2022 14:42:48 GMT" skipped="0">
  <testcase classname="TestsPOM.Test1" name="test" time="2.540"/>
</testsuite> <!-- TestsPOM.Test1 -->
